Слишком высокое использование маржи
Получена новая цена для ETHUSDT: 3289.48
Цена для ETHUSDT достигла целевого уровня 3294.0962142857143
https://fapi.binance.com:443 "GET /fapi/v2/account?timestamp=1732301007069&signature=f3818886ea5e2f2b5c2d3320c98518311e1d7ca5ff386a6262a000afbba0f8db HTTP/11" 200 None
Слишком высокое использование маржи
Цена для ETHUSDT достигла целевого уровня 3294.0962142857143
https://fapi.binance.com:443 "GET /fapi/v2/account?timestamp=1732301007327&signature=75741edf965c1214ed2d3e13e9b25b018e288b18484c1dbcb9c5d7181aac9330 HTTP/11" 200 None
Слишком высокое использование маржи
Цена для ETHUSDT достигла целевого уровня 3294.0962142857143
https://fapi.binance.com:443 "GET /fapi/v2/account?timestamp=1732301007587&signature=f9d450c4d2949f196a8b7487a7bf802cfd4f4557fea7a1648cb2f92bd1a776f9 HTTP/11" 200 None
Слишком высокое использование маржи
Цена для ETHUSDT достигла целевого уровня 3294.0962142857143
https://fapi.binance.com:443 "GET /fapi/v2/account?timestamp=1732301007847&signature=fd569211b0c5baf40271de21d66f08daf3fa38b94b61784eb732c1e3601628ac HTTP/11" 200 None
Слишком высокое использование маржи
Цена для ETHUSDT достигла целевого уровня 3294.0962142857143
https://fapi.binance.com:443 "GET /fapi/v2/account?timestamp=1732301008104&signature=8463cf7f01273c8fe533ff0830857be888faed15e74b7a4146b407643ea9b80d HTTP/11" 200 None
Слишком высокое использование маржи
Цена для ETHUSDT достигла целевого уровня 3294.0962142857143
https://fapi.binance.com:443 "GET /fapi/v2/account?timestamp=1732301008362&signature=0a424c779e4377716c5524cfd447b870528bfbf60994f7bcd3ade81b0675c5d8 HTTP/11" 200 None
Слишком высокое использование маржи
Цена для ETHUSDT достигла целевого уровня 3294.0962142857143
https://fapi.binance.com:443 "GET /fapi/v2/account?timestamp=1732301008625&signature=98838102033c2736b72e12d7c352ba2ffe9115731a4ad8a898d38af36c1d47e8 HTTP/11" 200 None
Слишком высокое использование маржи
Цена для ETHUSDT достигла целевого уровня 3294.0962142857143
https://fapi.binance.com:443 "GET /fapi/v2/account?timestamp=1732301008886&signature=970592bd2fb0e246434069978794e406233e591dd54e47bb803168d8b26146a2 HTTP/11" 200 None
Слишком высокое использование маржи
Цена для ETHUSDT достигла целевого уровня 3294.0962142857143
https://fapi.binance.com:443 "GET /fapi/v2/account?timestamp=1732301009145&signature=aad3eea7fb4d9db26e12a6957dfe5d443dd60e108a930ea57dc38b5d502fdf02 HTTP/11" 200 None
Слишком высокое использование маржи
Получена новая цена для ETHUSDT: 3289.49
Цена для ETHUSDT достигла целевого уровня 3294.0962142857143
https://fapi.binance.com:443 "GET /fapi/v2/account?timestamp=1732301009401&signature=217919a269e48514a277666ad87c3d6dd40f13bdcf07acf0b36b57015ecfb16e HTTP/11" 200 None
Слишком высокое использование маржи
Цена для ETHUSDT достигла целевого уровня 3294.0962142857143
https://fapi.binance.com:443 "GET /fapi/v2/account?timestamp=1732301009658&signature=7d9dabe864d76541be3209eec59b913c5fadbfdb7de29a4096dc1adf0273d7f7 HTTP/11" 200 None
Слишком высокое использование маржи
Цена для ETHUSDT достигла целевого уровня 3294.0962142857143
https://fapi.binance.com:443 "GET /fapi/v2/account?timestamp=1732301009918&signature=2a67c627f598fe2236e217523531818e0ed4d841bdab00932f0d96304ee60df5 HTTP/11" 200 None
Слишком высокое использование маржи
Цена для ETHUSDT достигла целевого уровня 3294.0962142857143
https://fapi.binance.com:443 "GET /fapi/v2/account?timestamp=1732301010177&signature=53489749605f408ae0c83562d65a467a6bb366fedc5946d9bb4a30837f94b1bc HTTP/11" 200 None
Слишком высокое использование маржи
Цена для ETHUSDT достигла целевого уровня 3294.0962142857143
https://fapi.binance.com:443 "GET /fapi/v2/account?timestamp=1732301010433&signature=3e93c99aa50351ccd6169425e44785355a14edcb606234b1c2fc2d17a5dec074 HTTP/11" 200 None
Слишком высокое использование маржи
Цена для ETHUSDT достигла целевого уровня 3294.0962142857143
https://fapi.binance.com:443 "GET /fapi/v2/account?timestamp=1732301010689&signature=2d31e38d8204535aa5dc4a6775c1ec10050a3967c91d535ef3af7d6f1d0b8623 HTTP/11" 200 None
Слишком высокое использование маржи
Цена для ETHUSDT достигла целевого уровня 3294.0962142857143
https://fapi.binance.com:443 "GET /fapi/v2/account?timestamp=1732301010948&signature=7452db4e95d83842651da5ea87e7ac2504ed9119095248e1dae2009fd6fd487f HTTP/11" 200 None
Слишком высокое использование маржи
Цена для ETHUSDT достигла целевого уровня 3294.0962142857143
https://fapi.binance.com:443 "GET /fapi/v2/account?timestamp=1732301011204&signature=7dda78e8b4a3849afc59aecf1319ed6c8252010a4b20581e022e9835101b78af HTTP/11" 200 None
Слишком высокое использование маржи
Цена для ETHUSDT достигла целевого уровня 3294.0962142857143
https://fapi.binance.com:443 "GET /fapi/v2/account?timestamp=1732301011464&signature=87ca33db7ff95208386a0b0100ec50b40a6bf28a27affe066401a560318c16ad HTTP/11" 200 None
Слишком высокое использование маржи
Цена для ETHUSDT достигла целевого уровня 3294.0962142857143
https://fapi.binance.com:443 "GET /fapi/v2/account?timestamp=1732301011724&signature=9efbf3b7ed84006df15e55c614646c84e570508361630686bb56bd60ed316c1f HTTP/11" 200 None
Слишком высокое использование маржи
Получена новая цена для ETHUSDT: 3289.5
Цена для ETHUSDT достигла целевого уровня 3294.0962142857143
https://fapi.binance.com:443 "GET /fapi/v2/account?timestamp=1732301011984&signature=75c2b3bb83da76833046ca705c79f0df5f78d5e0b5353b4a3ad0fedbd50805a3 HTTP/11" 200 None
Слишком высокое использование маржи
Цена для ETHUSDT достигла целевого уровня 3294.0962142857143
https://fapi.binance.com:443 "GET /fapi/v2/account?timestamp=1732301012243&signature=f7eec54e490c8eeb2019d550485504566ee4fd55e88892dcede652b742b5ed60 HTTP/11" 200 None
Слишком высокое использование маржи
Получена новая цена для ETHUSDT: 3289.51
Цена для ETHUSDT достигла целевого уровня 3294.0962142857143
https://fapi.binance.com:443 "GET /fapi/v2/account?timestamp=1732301012503&signature=f374240b8300a1a760a79499d054e8530abeab9ec3d7e702f2316b9723c42af4 HTTP/11" 200 None
Слишком высокое использование маржи
Цена для ETHUSDT достигла целевого уровня 3294.0962142857143
https://fapi.binance.com:443 "GET /fapi/v2/account?timestamp=1732301012762&signature=2352670d68df58cb09e4b17ba30df67b39d0d37c3541a357e8d770a3671f6d99 HTTP/11" 200 None
Слишком высокое использование маржи
Цена для ETHUSDT достигла целевого уровня 3294.0962142857143
https://fapi.binance.com:443 "GET /fapi/v2/account?timestamp=1732301013021&signature=d88361ed2b85e66672efe42714c68be0da423562dc500b18fae16383a84d1103 HTTP/11" 200 None
Слишком высокое использование маржи
Скрипт остановлен пользователем
WebSocket соединения закрыты
! failing connection with code 1006
CANCEL read_loop
Успешное подключение к Binance API
Начало торговли для пар: ETHUSDT
WebSocket подключен для ETHUSDT
Получена новая цена для ETHUSDT: 3282.25
Цена для ETHUSDT достигла целевого уровня 3292.503
Слишком высокое использование маржи
Цена для ETHUSDT достигла целевого уровня 3292.503
Слишком высокое использование маржи
Получена новая цена для ETHUSDT: 3282.26
Цена для ETHUSDT достигла целевого уровня 3292.503
Слишком высокое использование маржи
Получена новая цена для ETHUSDT: 3282.27
Цена для ETHUSDT достигла целевого уровня 3292.503
Слишком высокое использование маржи
Получена новая цена для ETHUSDT: 3282.38
Цена для ETHUSDT достигла целевого уровня 3292.503
Слишком высокое использование маржи
Цена для ETHUSDT достигла целевого уровня 3292.503
Слишком высокое использование маржи
Цена для ETHUSDT достигла целевого уровня 3292.503
Слишком высокое использование маржи
Цена для ETHUSDT достигла целевого уровня 3292.503
Слишком высокое использование маржи
Получена новая цена для ETHUSDT: 3282.39
Цена для ETHUSDT достигла целевого уровня 3292.503
Слишком высокое использование маржи
Цена для ETHUSDT достигла целевого уровня 3292.503
Слишком высокое использование маржи
Получена новая цена для ETHUSDT: 3282.45
Цена для ETHUSDT достигла целевого уровня 3292.503
Слишком высокое использование маржи
Получена новая цена для ETHUSDT: 3282.46
Цена для ETHUSDT достигла целевого уровня 3292.503
Слишком высокое использование маржи
Получена новая цена для ETHUSDT: 3282.47
Цена для ETHUSDT достигла целевого уровня 3292.503
Слишком высокое использование маржи
Получена новая цена для ETHUSDT: 3282.5
Цена для ETHUSDT достигла целевого уровня 3292.503
Слишком высокое использование маржи
Получена новая цена для ETHUSDT: 3282.51
Цена для ETHUSDT достигла целевого уровня 3292.503
Слишком высокое использование маржи
Получена новая цена для ETHUSDT: 3282.56
Цена для ETHUSDT достигла целевого уровня 3292.503
Слишком высокое использование маржи
Получена новая цена для ETHUSDT: 3282.57
Цена для ETHUSDT достигла целевого уровня 3292.503
Слишком высокое использование маржи
Цена для ETHUSDT достигла целевого уровня 3292.503
Слишком высокое использование маржи
Цена для ETHUSDT достигла целевого уровня 3292.503
Слишком высокое использование маржи
Цена для ETHUSDT достигла целевого уровня 3292.503
Слишком высокое использование маржи
Цена для ETHUSDT достигла целевого уровня 3292.503
Слишком высокое использование маржи
Цена для ETHUSDT достигла целевого уровня 3292.503
Слишком высокое использование маржи
Получена новая цена для ETHUSDT: 3282.58
Цена для ETHUSDT достигла целевого уровня 3292.503
Слишком высокое использование маржи
Получена новая цена для ETHUSDT: 3282.6
Цена для ETHUSDT достигла целевого уровня 3292.503
Слишком высокое использование маржи
Получена новая цена для ETHUSDT: 3282.61
Цена для ETHUSDT достигла целевого уровня 3292.503
Слишком высокое использование маржи
Получена новая цена для ETHUSDT: 3282.66
Цена для ETHUSDT достигла целевого уровня 3292.503
Слишком высокое использование маржи
Цена для ETHUSDT достигла целевого уровня 3292.503
Слишком высокое использование маржи
Цена для ETHUSDT достигла целевого уровня 3292.503
Слишком высокое использование маржи
Получена новая цена для ETHUSDT: 3282.67
Цена для ETHUSDT достигла целевого уровня 3292.503
Слишком высокое использование маржи
Цена для ETHUSDT достигла целевого уровня 3292.503
Слишком высокое использование маржи
Цена для ETHUSDT достигла целевого уровня 3292.503
Слишком высокое использование маржи
Цена для ETHUSDT достигла целевого уровня 3292.503
Слишком высокое использование маржи
Цена для ETHUSDT достигла целевого уровня 3292.503
Слишком высокое использование маржи
Цена для ETHUSDT достигла целевого уровня 3292.503
Слишком высокое использование маржи
Цена для ETHUSDT достигла целевого уровня 3292.503
Слишком высокое использование маржи
Цена для ETHUSDT достигла целевого уровня 3292.503
Слишком высокое использование маржи
Цена для ETHUSDT достигла целевого уровня 3292.503
Слишком высокое использование маржи
Цена для ETHUSDT достигла целевого уровня 3292.503
Слишком высокое использование маржи
Цена для ETHUSDT достигла целевого уровня 3292.503
Слишком высокое использование маржи
Цена для ETHUSDT достигла целевого уровня 3292.503
Слишком высокое использование маржи
Цена для ETHUSDT достигла целевого уровня 3292.503
Слишком высокое использование маржи
Цена для ETHUSDT достигла целевого уровня 3292.503
Слишком высокое использование маржи
Цена для ETHUSDT достигла целевого уровня 3292.503
Слишком высокое использование маржи
Цена для ETHUSDT достигла целевого уровня 3292.503
Слишком высокое использование маржи
Цена для ETHUSDT достигла целевого уровня 3292.503
Слишком высокое использование маржи
Цена для ETHUSDT достигла целевого уровня 3292.503
Слишком высокое использование маржи
Цена для ETHUSDT достигла целевого уровня 3292.503
Слишком высокое использование маржи
Цена для ETHUSDT достигла целевого уровня 3292.503
Слишком высокое использование маржи
Цена для ETHUSDT достигла целевого уровня 3292.503
Слишком высокое использование маржи
Цена для ETHUSDT достигла целевого уровня 3292.503
Слишком высокое использование маржи
Цена для ETHUSDT достигла целевого уровня 3292.503
Слишком высокое использование маржи
Цена для ETHUSDT достигла целевого уровня 3292.503
Слишком высокое использование маржи
Цена для ETHUSDT достигла целевого уровня 3292.503
Слишком высокое использование маржи
Цена для ETHUSDT достигла целевого уровня 3292.503
Слишком высокое использование маржи
Цена для ETHUSDT достигла целевого уровня 3292.503
Слишком высокое использование маржи
Цена для ETHUSDT достигла целевого уровня 3292.503
Слишком высокое использование маржи
Цена для ETHUSDT достигла целевого уровня 3292.503
Слишком высокое использование маржи
Цена для ETHUSDT достигла целевого уровня 3292.503
Слишком высокое использование маржи
Цена для ETHUSDT достигла целевого уровня 3292.503
Слишком высокое использование маржи
Цена для ETHUSDT достигла целевого уровня 3292.503
Слишком высокое использование маржи
Цена для ETHUSDT достигла целевого уровня 3292.503
Слишком высокое использование маржи
Цена для ETHUSDT достигла целевого уровня 3292.503
Слишком высокое использование маржи
Цена для ETHUSDT достигла целевого уровня 3292.503
Слишком высокое использование маржи
Цена для ETHUSDT достигла целевого уровня 3292.503
Слишком высокое использование маржи
Цена для ETHUSDT достигла целевого уровня 3292.503
Слишком высокое использование маржи
Цена для ETHUSDT достигла целевого уровня 3292.503
Слишком высокое использование маржи
Цена для ETHUSDT достигла целевого уровня 3292.503
Слишком высокое использование маржи
Цена для ETHUSDT достигла целевого уровня 3292.503
Слишком высокое использование маржи
Цена для ETHUSDT достигла целевого уровня 3292.503
Слишком высокое использование маржи
Цена для ETHUSDT достигла целевого уровня 3292.503
Слишком высокое использование маржи
Цена для ETHUSDT достигла целевого уровня 3292.503
Слишком высокое использование маржи
Цена для ETHUSDT достигла целевого уровня 3292.503
Слишком высокое использование маржи
Цена для ETHUSDT достигла целевого уровня 3292.503
Слишком высокое использование маржи
Цена для ETHUSDT достигла целевого уровня 3292.503
Слишком высокое использование маржи
Цена для ETHUSDT достигла целевого уровня 3292.503
Слишком высокое использование маржи
Цена для ETHUSDT достигла целевого уровня 3292.503
Слишком высокое использование маржи
Цена для ETHUSDT достигла целевого уровня 3292.503
Слишком высокое использование маржи
Получена новая цена для ETHUSDT: 3282.68
Цена для ETHUSDT достигла целевого уровня 3292.503
Слишком высокое использование маржи
Цена для ETHUSDT достигла целевого уровня 3292.503
Слишком высокое использование маржи
Цена для ETHUSDT достигла целевого уровня 3292.503
Слишком высокое использование маржи
Цена для ETHUSDT достигла целевого уровня 3292.503
Слишком высокое использование маржи
Цена для ETHUSDT достигла целевого уровня 3292.503
Слишком высокое использование маржи
Цена для ETHUSDT достигла целевого уровня 3292.503
Слишком высокое использование маржи
Цена для ETHUSDT достигла целевого уровня 3292.503
Слишком высокое использование маржи
Цена для ETHUSDT достигла целевого уровня 3292.503
Слишком высокое использование маржи
Цена для ETHUSDT достигла целевого уровня 3292.503
Слишком высокое использование маржи
Цена для ETHUSDT достигла целевого уровня 3292.503
Слишком высокое использование маржи
Цена для ETHUSDT достигла целевого уровня 3292.503
Слишком высокое использование маржи
Цена для ETHUSDT достигла целевого уровня 3292.503
Слишком высокое использование маржи
Цена для ETHUSDT достигла целевого уровня 3292.503
Слишком высокое использование маржи
Цена для ETHUSDT достигла целевого уровня 3292.503
Слишком высокое использование маржи
Цена для ETHUSDT достигла целевого уровня 3292.503
Слишком высокое использование маржи
Цена для ETHUSDT достигла целевого уровня 3292.503
Слишком высокое использование маржи
Цена для ETHUSDT достигла целевого уровня 3292.503
Слишком высокое использование маржи
Получена новая цена для ETHUSDT: 3282.69
Цена для ETHUSDT достигла целевого уровня 3292.503
Слишком высокое использование маржи
Цена для ETHUSDT достигла целевого уровня 3292.503
Слишком высокое использование маржи
Цена для ETHUSDT достигла целевого уровня 3292.503
Слишком высокое использование маржи
Цена для ETHUSDT достигла целевого уровня 3292.503
Слишком высокое использование маржи
Цена для ETHUSDT достигла целевого уровня 3292.503
Слишком высокое использование маржи
Цена для ETHUSDT достигла целевого уровня 3292.503
Слишком высокое использование маржи
Цена для ETHUSDT достигла целевого уровня 3292.503
Слишком высокое использование маржи
Цена для ETHUSDT достигла целевого уровня 3292.503
Слишком высокое использование маржи
Цена для ETHUSDT достигла целевого уровня 3292.503
Слишком высокое использование маржи
Цена для ETHUSDT достигла целевого уровня 3292.503
Слишком высокое использование маржи
Цена для ETHUSDT достигла целевого уровня 3292.503
Слишком высокое использование маржи
Цена для ETHUSDT достигла целевого уровня 3292.503
Слишком высокое использование маржи
Цена для ETHUSDT достигла целевого уровня 3292.503
Слишком высокое использование маржи
Получена новая цена для ETHUSDT: 3282.7
Цена для ETHUSDT достигла целевого уровня 3292.503
Слишком высокое использование маржи
Получена новая цена для ETHUSDT: 3282.69
Цена для ETHUSDT достигла целевого уровня 3292.503
Слишком высокое использование маржи
Цена для ETHUSDT достигла целевого уровня 3292.503
Слишком высокое использование маржи
Цена для ETHUSDT достигла целевого уровня 3292.503
Слишком высокое использование маржи
Цена для ETHUSDT достигла целевого уровня 3292.503
Слишком высокое использование маржи
Цена для ETHUSDT достигла целевого уровня 3292.503
Слишком высокое использование маржи
Получена новая цена для ETHUSDT: 3282.7
Цена для ETHUSDT достигла целевого уровня 3292.503
Слишком высокое использование маржи
Цена для ETHUSDT достигла целевого уровня 3292.503
Слишком высокое использование маржи
Цена для ETHUSDT достигла целевого уровня 3292.503
Слишком высокое использование маржи
Цена для ETHUSDT достигла целевого уровня 3292.503
Слишком высокое использование маржи
Цена для ETHUSDT достигла целевого уровня 3292.503
Слишком высокое использование маржи
Цена для ETHUSDT достигла целевого уровня 3292.503
Слишком высокое использование маржи
Цена для ETHUSDT достигла целевого уровня 3292.503
Слишком высокое использование маржи
Цена для ETHUSDT достигла целевого уровня 3292.503
Слишком высокое использование маржи
Получена новая цена для ETHUSDT: 3282.76
Цена для ETHUSDT достигла целевого уровня 3292.503
Слишком высокое использование маржи
Получена новая цена для ETHUSDT: 3282.77
Цена для ETHUSDT достигла целевого уровня 3292.503
Слишком высокое использование маржи
Получена новая цена для ETHUSDT: 3282.78
Цена для ETHUSDT достигла целевого уровня 3292.503
Слишком высокое использование маржи
Получена новая цена для ETHUSDT: 3282.79
Цена для ETHUSDT достигла целевого уровня 3292.503
Слишком высокое использование маржи
Получена новая цена для ETHUSDT: 3282.81
Цена для ETHUSDT достигла целевого уровня 3292.503
Слишком высокое использование маржи
Получена новая цена для ETHUSDT: 3282.84
Цена для ETHUSDT достигла целевого уровня 3292.503
Слишком высокое использование маржи
Цена для ETHUSDT достигла целевого уровня 3292.503
Слишком высокое использование маржи
Цена для ETHUSDT достигла целевого уровня 3292.503
Слишком высокое использование маржи
Цена для ETHUSDT достигла целевого уровня 3292.503
Слишком высокое использование маржи
Цена для ETHUSDT достигла целевого уровня 3292.503
Слишком высокое использование маржи
Цена для ETHUSDT достигла целевого уровня 3292.503
Слишком высокое использование маржи
Получена новая цена для ETHUSDT: 3282.88
Цена для ETHUSDT достигла целевого уровня 3292.503
Слишком высокое использование маржи
Цена для ETHUSDT достигла целевого уровня 3292.503
Слишком высокое использование маржи
Цена для ETHUSDT достигла целевого уровня 3292.503
Слишком высокое использование маржи
Цена для ETHUSDT достигла целевого уровня 3292.503
Слишком высокое использование маржи
Цена для ETHUSDT достигла целевого уровня 3292.503
Слишком высокое использование маржи
Цена для ETHUSDT достигла целевого уровня 3292.503
Слишком высокое использование маржи
Цена для ETHUSDT достигла целевого уровня 3292.503
Слишком высокое использование маржи
Цена для ETHUSDT достигла целевого уровня 3292.503
Слишком высокое использование маржи
Цена для ETHUSDT достигла целевого уровня 3292.503
Слишком высокое использование маржи
Цена для ETHUSDT достигла целевого уровня 3292.503
Слишком высокое использование маржи
Цена для ETHUSDT достигла целевого уровня 3292.503
Слишком высокое использование маржи
Цена для ETHUSDT достигла целевого уровня 3292.503
Слишком высокое использование маржи
Цена для ETHUSDT достигла целевого уровня 3292.503
Слишком высокое использование маржи
Цена для ETHUSDT достигла целевого уровня 3292.503
Слишком высокое использование маржи
Цена для ETHUSDT достигла целевого уровня 3292.503
Слишком высокое использование маржи
Цена для ETHUSDT достигла целевого уровня 3292.503
Слишком высокое использование маржи
Цена для ETHUSDT достигла целевого уровня 3292.503
Слишком высокое использование маржи
Цена для ETHUSDT достигла целевого уровня 3292.503
Слишком высокое использование маржи
Цена для ETHUSDT достигла целевого уровня 3292.503
Слишком высокое использование маржи
Цена для ETHUSDT достигла целевого уровня 3292.503
Слишком высокое использование маржи
Цена для ETHUSDT достигла целевого уровня 3292.503
Слишком высокое использование маржи
Цена для ETHUSDT достигла целевого уровня 3292.503
Слишком высокое использование маржи
Цена для ETHUSDT достигла целевого уровня 3292.503
Слишком высокое использование маржи
Цена для ETHUSDT достигла целевого уровня 3292.503
Слишком высокое использование маржи
Цена для ETHUSDT достигла целевого уровня 3292.503
Слишком высокое использование маржи
Цена для ETHUSDT достигла целевого уровня 3292.503
Слишком высокое использование маржи
Цена для ETHUSDT достигла целевого уровня 3292.503
Слишком высокое использование маржи
Цена для ETHUSDT достигла целевого уровня 3292.503
Слишком высокое использование маржи
Цена для ETHUSDT достигла целевого уровня 3292.503
Слишком высокое использование маржи
Цена для ETHUSDT достигла целевого уровня 3292.503
Слишком высокое использование маржи
Цена для ETHUSDT достигла целевого уровня 3292.503
Слишком высокое использование маржи
Цена для ETHUSDT достигла целевого уровня 3292.503
Слишком высокое использование маржи
Цена для ETHUSDT достигла целевого уровня 3292.503
Слишком высокое использование маржи
Цена для ETHUSDT достигла целевого уровня 3292.503
Слишком высокое использование маржи
Цена для ETHUSDT достигла целевого уровня 3292.503
Слишком высокое использование маржи
Получена новая цена для ETHUSDT: 3282.89
Цена для ETHUSDT достигла целевого уровня 3292.503
Слишком высокое использование маржи
Цена для ETHUSDT достигла целевого уровня 3292.503
Слишком высокое использование маржи
Получена новая цена для ETHUSDT: 3282.9
Цена для ETHUSDT достигла целевого уровня 3292.503
Слишком высокое использование маржи
Получена новая цена для ETHUSDT: 3282.91
Цена для ETHUSDT достигла целевого уровня 3292.503
Слишком высокое использование маржи
Получена новая цена для ETHUSDT: 3282.93
Цена для ETHUSDT достигла целевого уровня 3292.503
Слишком высокое использование маржи
Получена новая цена для ETHUSDT: 3282.95
Цена для ETHUSDT достигла целевого уровня 3292.503
Слишком высокое использование маржи
Получена новая цена для ETHUSDT: 3282.99
Цена для ETHUSDT достигла целевого уровня 3292.503
Слишком высокое использование маржи
Получена новая цена для ETHUSDT: 3283.0
Цена для ETHUSDT достигла целевого уровня 3292.503
Слишком высокое использование маржи
Получена новая цена для ETHUSDT: 3283.11
Цена для ETHUSDT достигла целевого уровня 3292.503
Слишком высокое использование маржи
Получена новая цена для ETHUSDT: 3283.17
Цена для ETHUSDT достигла целевого уровня 3292.503
Слишком высокое использование маржи
Получена новая цена для ETHUSDT: 3283.19
Цена для ETHUSDT достигла целевого уровня 3292.503
Слишком высокое использование маржи
Получена новая цена для ETHUSDT: 3283.2
Цена для ETHUSDT достигла целевого уровня 3292.503
Слишком высокое использование маржи
Цена для ETHUSDT достигла целевого уровня 3292.503
Слишком высокое использование маржи
Цена для ETHUSDT достигла целевого уровня 3292.503
Слишком высокое использование маржи
Цена для ETHUSDT достигла целевого уровня 3292.503
Слишком высокое использование маржи
Цена для ETHUSDT достигла целевого уровня 3292.503
Слишком высокое использование маржи
Получена новая цена для ETHUSDT: 3283.27
Цена для ETHUSDT достигла целевого уровня 3292.503
Слишком высокое использование маржи
Цена для ETHUSDT достигла целевого уровня 3292.503
Слишком высокое использование маржи
Цена для ETHUSDT достигла целевого уровня 3292.503
Слишком высокое использование маржи
Цена для ETHUSDT достигла целевого уровня 3292.503
Слишком высокое использование маржи
Получена новая цена для ETHUSDT: 3283.35
Цена для ETHUSDT достигла целевого уровня 3292.503
Слишком высокое использование маржи
Цена для ETHUSDT достигла целевого уровня 3292.503
Слишком высокое использование маржи
Цена для ETHUSDT достигла целевого уровня 3292.503
Слишком высокое использование маржи
Цена для ETHUSDT достигла целевого уровня 3292.503
Слишком высокое использование маржи
Получена новая цена для ETHUSDT: 3283.36
Цена для ETHUSDT достигла целевого уровня 3292.503
Слишком высокое использование маржи
Цена для ETHUSDT достигла целевого уровня 3292.503
Слишком высокое использование маржи
Получена новая цена для ETHUSDT: 3283.37
Цена для ETHUSDT достигла целевого уровня 3292.503
Слишком высокое использование маржи
Получена новая цена для ETHUSDT: 3283.38
Цена для ETHUSDT достигла целевого уровня 3292.503
Слишком высокое использование маржи
Получена новая цена для ETHUSDT: 3283.39
Цена для ETHUSDT достигла целевого уровня 3292.503
Слишком высокое использование маржи
Получена новая цена для ETHUSDT: 3283.4
Цена для ETHUSDT достигла целевого уровня 3292.503
Слишком высокое использование маржи
Цена для ETHUSDT достигла целевого уровня 3292.503
Слишком высокое использование маржи
Цена для ETHUSDT достигла целевого уровня 3292.503
Слишком высокое использование маржи
Цена для ETHUSDT достигла целевого уровня 3292.503
Слишком высокое использование маржи
Скрипт остановлен пользователем
WebSocket соединения закрыты
CANCEL read_loop
